# JRE version: Java(TM) SE Runtime Environment (22.0+36) (build 22+36-2370)
# Java VM: Java HotSpot(TM) 64-Bit Server VM (22+36-2370, mixed mode, sharing, tiered, compressed oops, compressed class ptrs, g1 gc, windows-amd64)
GC Precious Log:
 CardTable entry size: 512
 Card Set container configuration: InlinePtr #cards 4 size 8 Array Of Cards #cards 16 size 48 Howl #buckets 8 coarsen threshold 3686 Howl Bitmap #cards 512 size 80 coarsen threshold 460 Card regions per heap region 1 cards per card region 4096
 CPUs: 4 total, 4 available
 Memory: 16262M
 Large Page Support: Disabled
 NUMA Support: Disabled
 Compressed Oops: Enabled (Zero based)
 Heap Region Size: 2M
 Heap Min Capacity: 8M
 Heap Initial Capacity: 256M
 Heap Max Capacity: 4066M
 Pre-touch: Disabled
 Parallel Workers: 4
 Concurrent Workers: 1
 Concurrent Refinement Workers: 4
 Periodic GC: Disabled
Heap:
 garbage-first heap   total reserved 4163584K, committed 69632K, used 49748K [0x0000000701e00000, 0x0000000800000000)
  region size 2048K, 7 young (14336K), 1 survivors (2048K)
 Metaspace       used 31436K, committed 32128K, reserved 1114112K
  class space    used 4288K, committed 4608K, reserved 1048576K
GC Heap History (20 events):
Event: 4.321 GC heap before
{Heap before GC invocations=4 (full 0):
 garbage-first heap   total reserved 4163584K, committed 40960K, used 38928K [0x0000000701e00000, 0x0000000800000000)
  region size 2048K, 18 young (36864K), 5 survivors (10240K)
 Metaspace       used 25691K, committed 26240K, reserved 1114112K
  class space    used 3847K, committed 4096K, reserved 1048576K
}
Event: 4.336 GC heap after
{Heap after GC invocations=5 (full 0):
 garbage-first heap   total reserved 4163584K, committed 55296K, used 15052K [0x0000000701e00000, 0x0000000800000000)
  region size 2048K, 5 young (10240K), 5 survivors (10240K)
 Metaspace       used 25691K, committed 26240K, reserved 1114112K
  class space    used 3847K, committed 4096K, reserved 1048576K
}
Event: 5.306 GC heap before
{Heap before GC invocations=5 (full 0):
 garbage-first heap   total reserved 4163584K, committed 55296K, used 35532K [0x0000000701e00000, 0x0000000800000000)
  region size 2048K, 16 young (32768K), 5 survivors (10240K)
 Metaspace       used 28143K, committed 28736K, reserved 1114112K
  class space    used 4149K, committed 4416K, reserved 1048576K
}
Event: 5.316 GC heap after
{Heap after GC invocations=6 (full 0):
 garbage-first heap   total reserved 4163584K, committed 55296K, used 16568K [0x0000000701e00000, 0x0000000800000000)
  region size 2048K, 1 young (2048K), 1 survivors (2048K)
 Metaspace       used 28143K, committed 28736K, reserved 1114112K
  class space    used 4149K, committed 4416K, reserved 1048576K
}
Event: 32.392 GC heap before
{Heap before GC invocations=6 (full 0):
 garbage-first heap   total reserved 4163584K, committed 55296K, used 41144K [0x0000000701e00000, 0x0000000800000000)
  region size 2048K, 14 young (28672K), 1 survivors (2048K)
 Metaspace       used 29904K, committed 30464K, reserved 1114112K
  class space    used 4229K, committed 4480K, reserved 1048576K
}
Event: 32.395 GC heap after
{Heap after GC invocations=7 (full 0):
 garbage-first heap   total reserved 4163584K, committed 55296K, used 17671K [0x0000000701e00000, 0x0000000800000000)
  region size 2048K, 2 young (4096K), 2 survivors (4096K)
 Metaspace       used 29904K, committed 30464K, reserved 1114112K
  class space    used 4229K, committed 4480K, reserved 1048576K
}
Event: 33.054 GC heap before
{Heap before GC invocations=7 (full 0):
 garbage-first heap   total reserved 4163584K, committed 55296K, used 42247K [0x0000000701e00000, 0x0000000800000000)
  region size 2048K, 15 young (30720K), 2 survivors (4096K)
 Metaspace       used 30215K, committed 30784K, reserved 1114112K
  class space    used 4233K, committed 4480K, reserved 1048576K
}
Event: 33.059 GC heap after
{Heap after GC invocations=8 (full 0):
 garbage-first heap   total reserved 4163584K, committed 55296K, used 22053K [0x0000000701e00000, 0x0000000800000000)
  region size 2048K, 2 young (4096K), 2 survivors (4096K)
 Metaspace       used 30215K, committed 30784K, reserved 1114112K
  class space    used 4233K, committed 4480K, reserved 1048576K
}
Event: 34.362 GC heap before
{Heap before GC invocations=8 (full 0):
 garbage-first heap   total reserved 4163584K, committed 55296K, used 42533K [0x0000000701e00000, 0x0000000800000000)
  region size 2048K, 13 young (26624K), 2 survivors (4096K)
 Metaspace       used 30497K, committed 31104K, reserved 1114112K
  class space    used 4254K, committed 4544K, reserved 1048576K
}
Event: 34.365 GC heap after
{Heap after GC invocations=9 (full 0):
 garbage-first heap   total reserved 4163584K, committed 55296K, used 24108K [0x0000000701e00000, 0x0000000800000000)
  region size 2048K, 2 young (4096K), 2 survivors (4096K)
 Metaspace       used 30497K, committed 31104K, reserved 1114112K
  class space    used 4254K, committed 4544K, reserved 1048576K
}
Event: 35.524 GC heap before
{Heap before GC invocations=9 (full 0):
 garbage-first heap   total reserved 4163584K, committed 55296K, used 42540K [0x0000000701e00000, 0x0000000800000000)
  region size 2048K, 12 young (24576K), 2 survivors (4096K)
 Metaspace       used 30942K, committed 31616K, reserved 1114112K
  class space    used 4280K, committed 4608K, reserved 1048576K
}
Event: 35.526 GC heap after
{Heap after GC invocations=10 (full 0):
 garbage-first heap   total reserved 4163584K, committed 55296K, used 23488K [0x0000000701e00000, 0x0000000800000000)
  region size 2048K, 1 young (2048K), 1 survivors (2048K)
 Metaspace       used 30942K, committed 31616K, reserved 1114112K
  class space    used 4280K, committed 4608K, reserved 1048576K
}
Event: 37.574 GC heap before
{Heap before GC invocations=10 (full 0):
 garbage-first heap   total reserved 4163584K, committed 55296K, used 41920K [0x0000000701e00000, 0x0000000800000000)
  region size 2048K, 11 young (22528K), 1 survivors (2048K)
 Metaspace       used 31222K, committed 31872K, reserved 1114112K
  class space    used 4284K, committed 4608K, reserved 1048576K
}
Event: 37.577 GC heap after
{Heap after GC invocations=11 (full 0):
 garbage-first heap   total reserved 4163584K, committed 55296K, used 24920K [0x0000000701e00000, 0x0000000800000000)
  region size 2048K, 2 young (4096K), 2 survivors (4096K)
 Metaspace       used 31222K, committed 31872K, reserved 1114112K
  class space    used 4284K, committed 4608K, reserved 1048576K
}
Event: 37.788 GC heap before
{Heap before GC invocations=11 (full 0):
 garbage-first heap   total reserved 4163584K, committed 55296K, used 33112K [0x0000000701e00000, 0x0000000800000000)
  region size 2048K, 7 young (14336K), 2 survivors (4096K)
 Metaspace       used 31260K, committed 31936K, reserved 1114112K
  class space    used 4284K, committed 4608K, reserved 1048576K
}
Event: 37.792 GC heap after
{Heap after GC invocations=12 (full 0):
 garbage-first heap   total reserved 4163584K, committed 55296K, used 25718K [0x0000000701e00000, 0x0000000800000000)
  region size 2048K, 2 young (4096K), 2 survivors (4096K)
 Metaspace       used 31260K, committed 31936K, reserved 1114112K
  class space    used 4284K, committed 4608K, reserved 1048576K
}
Event: 37.799 GC heap before
{Heap before GC invocations=12 (full 0):
 garbage-first heap   total reserved 4163584K, committed 55296K, used 27766K [0x0000000701e00000, 0x0000000800000000)
  region size 2048K, 3 young (6144K), 2 survivors (4096K)
 Metaspace       used 31262K, committed 31936K, reserved 1114112K
  class space    used 4284K, committed 4608K, reserved 1048576K
}
Event: 37.801 GC heap after
{Heap after GC invocations=13 (full 0):
 garbage-first heap   total reserved 4163584K, committed 55296K, used 27937K [0x0000000701e00000, 0x0000000800000000)
  region size 2048K, 1 young (2048K), 1 survivors (2048K)
 Metaspace       used 31262K, committed 31936K, reserved 1114112K
  class space    used 4284K, committed 4608K, reserved 1048576K
}
Event: 38.991 GC heap before
{Heap before GC invocations=14 (full 0):
 garbage-first heap   total reserved 4163584K, committed 67584K, used 62753K [0x0000000701e00000, 0x0000000800000000)
  region size 2048K, 5 young (10240K), 1 survivors (2048K)
 Metaspace       used 31300K, committed 31936K, reserved 1114112K
  class space    used 4284K, committed 4608K, reserved 1048576K
}
Event: 38.992 GC heap after
{Heap after GC invocations=15 (full 0):
 garbage-first heap   total reserved 4163584K, committed 69632K, used 35412K [0x0000000701e00000, 0x0000000800000000)
  region size 2048K, 1 young (2048K), 1 survivors (2048K)
 Metaspace       used 31300K, committed 31936K, reserved 1114112K
  class space    used 4284K, committed 4608K, reserved 1048576K
}

